<?xml version="1.0" encoding="UTF-8"?>
<coverage generated="1610818706291" clover="3.2.0">
  <project timestamp="1610818706291" name="All files">
    <metrics statements="165" coveredstatements="165" conditionals="58" coveredconditionals="57" methods="9" coveredmethods="9" elements="232" coveredelements="231" complexity="0" loc="165" ncloc="165" packages="1" files="2" classes="2"/>
    <file name="index.js" path="/home/llss/Learning/Projects/Hexlet/projects/lvl2/frontend-project-lvl2/src/index.js">
      <metrics statements="152" coveredstatements="152" conditionals="53" coveredconditionals="53" methods="8" coveredmethods="8"/>
      <line num="1" count="1" type="cond" truecount="1" falsecount="0"/>
      <line num="2" count="1" type="stmt"/>
      <line num="3" count="6" type="cond" truecount="1" falsecount="0"/>
      <line num="4" count="6" type="stmt"/>
      <line num="5" count="6" type="stmt"/>
      <line num="6" count="6" type="stmt"/>
      <line num="7" count="6" type="stmt"/>
      <line num="8" count="1" type="stmt"/>
      <line num="9" count="1" type="cond" truecount="1" falsecount="0"/>
      <line num="10" count="2" type="stmt"/>
      <line num="11" count="2" type="stmt"/>
      <line num="12" count="2" type="stmt"/>
      <line num="13" count="2" type="stmt"/>
      <line num="14" count="2" type="stmt"/>
      <line num="15" count="2" type="stmt"/>
      <line num="16" count="2" type="stmt"/>
      <line num="17" count="2" type="stmt"/>
      <line num="18" count="2" type="stmt"/>
      <line num="19" count="2" type="stmt"/>
      <line num="20" count="2" type="cond" truecount="1" falsecount="0"/>
      <line num="21" count="10" type="stmt"/>
      <line num="22" count="10" type="stmt"/>
      <line num="23" count="10" type="stmt"/>
      <line num="24" count="10" type="cond" truecount="2" falsecount="0"/>
      <line num="25" count="10" type="stmt"/>
      <line num="26" count="10" type="stmt"/>
      <line num="27" count="10" type="stmt"/>
      <line num="28" count="10" type="cond" truecount="2" falsecount="0"/>
      <line num="29" count="2" type="stmt"/>
      <line num="30" count="10" type="stmt"/>
      <line num="31" count="10" type="stmt"/>
      <line num="32" count="10" type="cond" truecount="2" falsecount="0"/>
      <line num="33" count="4" type="stmt"/>
      <line num="34" count="4" type="cond" truecount="1" falsecount="0"/>
      <line num="35" count="2" type="stmt"/>
      <line num="36" count="2" type="stmt"/>
      <line num="37" count="2" type="stmt"/>
      <line num="38" count="10" type="cond" truecount="1" falsecount="0"/>
      <line num="39" count="10" type="stmt"/>
      <line num="40" count="10" type="stmt"/>
      <line num="41" count="2" type="stmt"/>
      <line num="42" count="1" type="stmt"/>
      <line num="43" count="1" type="stmt"/>
      <line num="44" count="1" type="cond" truecount="1" falsecount="0"/>
      <line num="45" count="36" type="stmt"/>
      <line num="46" count="36" type="stmt"/>
      <line num="47" count="13" type="cond" truecount="1" falsecount="0"/>
      <line num="48" count="13" type="stmt"/>
      <line num="49" count="36" type="cond" truecount="1" falsecount="0"/>
      <line num="50" count="36" type="cond" truecount="1" falsecount="0"/>
      <line num="51" count="36" type="cond" truecount="1" falsecount="0"/>
      <line num="52" count="16" type="stmt"/>
      <line num="53" count="1" type="cond" truecount="1" falsecount="0"/>
      <line num="54" count="1" type="stmt"/>
      <line num="55" count="1" type="stmt"/>
      <line num="56" count="1" type="stmt"/>
      <line num="57" count="1" type="stmt"/>
      <line num="58" count="1" type="stmt"/>
      <line num="59" count="1" type="stmt"/>
      <line num="60" count="1" type="stmt"/>
      <line num="61" count="1" type="stmt"/>
      <line num="62" count="1" type="cond" truecount="1" falsecount="0"/>
      <line num="63" count="5" type="stmt"/>
      <line num="64" count="5" type="stmt"/>
      <line num="65" count="5" type="stmt"/>
      <line num="66" count="5" type="cond" truecount="1" falsecount="0"/>
      <line num="67" count="18" type="stmt"/>
      <line num="68" count="18" type="stmt"/>
      <line num="69" count="18" type="stmt"/>
      <line num="70" count="18" type="stmt"/>
      <line num="71" count="18" type="stmt"/>
      <line num="72" count="18" type="stmt"/>
      <line num="73" count="18" type="cond" truecount="1" falsecount="0"/>
      <line num="74" count="5" type="stmt"/>
      <line num="75" count="5" type="stmt"/>
      <line num="76" count="18" type="cond" truecount="2" falsecount="0"/>
      <line num="77" count="18" type="stmt"/>
      <line num="78" count="18" type="cond" truecount="1" falsecount="0"/>
      <line num="79" count="18" type="stmt"/>
      <line num="80" count="18" type="cond" truecount="1" falsecount="0"/>
      <line num="81" count="18" type="stmt"/>
      <line num="82" count="18" type="cond" truecount="1" falsecount="0"/>
      <line num="83" count="7" type="stmt"/>
      <line num="84" count="18" type="cond" truecount="1" falsecount="0"/>
      <line num="85" count="5" type="cond" truecount="3" falsecount="0"/>
      <line num="86" count="18" type="cond" truecount="2" falsecount="0"/>
      <line num="87" count="6" type="stmt"/>
      <line num="88" count="18" type="cond" truecount="2" falsecount="0"/>
      <line num="89" count="18" type="cond" truecount="1" falsecount="0"/>
      <line num="90" count="2" type="stmt"/>
      <line num="91" count="18" type="stmt"/>
      <line num="92" count="18" type="cond" truecount="1" falsecount="0"/>
      <line num="93" count="6" type="stmt"/>
      <line num="94" count="18" type="cond" truecount="1" falsecount="0"/>
      <line num="95" count="4" type="stmt"/>
      <line num="96" count="18" type="stmt"/>
      <line num="97" count="1" type="stmt"/>
      <line num="98" count="1" type="stmt"/>
      <line num="99" count="1" type="stmt"/>
      <line num="100" count="1" type="stmt"/>
      <line num="101" count="1" type="stmt"/>
      <line num="102" count="1" type="stmt"/>
      <line num="103" count="27" type="cond" truecount="1" falsecount="0"/>
      <line num="104" count="27" type="stmt"/>
      <line num="105" count="27" type="stmt"/>
      <line num="106" count="27" type="stmt"/>
      <line num="107" count="27" type="stmt"/>
      <line num="108" count="27" type="cond" truecount="2" falsecount="0"/>
      <line num="109" count="27" type="cond" truecount="2" falsecount="0"/>
      <line num="110" count="9" type="stmt"/>
      <line num="111" count="9" type="stmt"/>
      <line num="112" count="1" type="stmt"/>
      <line num="113" count="1" type="cond" truecount="1" falsecount="0"/>
      <line num="114" count="1" type="stmt"/>
      <line num="115" count="1" type="cond" truecount="1" falsecount="0"/>
      <line num="116" count="5" type="stmt"/>
      <line num="117" count="5" type="stmt"/>
      <line num="118" count="5" type="cond" truecount="1" falsecount="0"/>
      <line num="119" count="18" type="stmt"/>
      <line num="120" count="18" type="cond" truecount="2" falsecount="0"/>
      <line num="121" count="18" type="cond" truecount="2" falsecount="0"/>
      <line num="122" count="5" type="stmt"/>
      <line num="123" count="5" type="stmt"/>
      <line num="124" count="14" type="cond" truecount="1" falsecount="0"/>
      <line num="125" count="2" type="stmt"/>
      <line num="126" count="2" type="stmt"/>
      <line num="127" count="14" type="cond" truecount="1" falsecount="0"/>
      <line num="128" count="3" type="stmt"/>
      <line num="129" count="3" type="stmt"/>
      <line num="130" count="14" type="cond" truecount="1" falsecount="0"/>
      <line num="131" count="4" type="stmt"/>
      <line num="132" count="4" type="stmt"/>
      <line num="133" count="4" type="stmt"/>
      <line num="134" count="18" type="cond" truecount="1" falsecount="0"/>
      <line num="135" count="4" type="stmt"/>
      <line num="136" count="4" type="stmt"/>
      <line num="137" count="4" type="stmt"/>
      <line num="138" count="18" type="stmt"/>
      <line num="139" count="5" type="stmt"/>
      <line num="140" count="1" type="stmt"/>
      <line num="141" count="1" type="stmt"/>
      <line num="142" count="1" type="stmt"/>
      <line num="143" count="1" type="stmt"/>
      <line num="144" count="1" type="stmt"/>
      <line num="145" count="1" type="stmt"/>
      <line num="146" count="1" type="stmt"/>
      <line num="147" count="1" type="stmt"/>
      <line num="148" count="1" type="stmt"/>
      <line num="149" count="1" type="stmt"/>
      <line num="150" count="1" type="stmt"/>
      <line num="151" count="1" type="stmt"/>
      <line num="152" count="1" type="stmt"/>
    </file>
    <file name="parsers.js" path="/home/llss/Learning/Projects/Hexlet/projects/lvl2/frontend-project-lvl2/src/parsers.js">
      <metrics statements="13" coveredstatements="13" conditionals="5" coveredconditionals="4" methods="1" coveredmethods="1"/>
      <line num="1" count="6" type="cond" truecount="3" falsecount="0"/>
      <line num="2" count="4" type="stmt"/>
      <line num="3" count="6" type="cond" truecount="1" falsecount="0"/>
      <line num="4" count="2" type="stmt"/>
      <line num="5" count="1" type="cond" truecount="0" falsecount="1"/>
      <line num="6" count="1" type="stmt"/>
      <line num="7" count="1" type="stmt"/>
      <line num="8" count="1" type="stmt"/>
      <line num="9" count="1" type="stmt"/>
      <line num="10" count="1" type="stmt"/>
      <line num="11" count="1" type="stmt"/>
      <line num="12" count="1" type="stmt"/>
      <line num="13" count="1" type="stmt"/>
    </file>
  </project>
</coverage>
