{"/home/llss/Learning/Projects/Hexlet/projects/lvl2/frontend-project-lvl2/src/index.js": {"path":"/home/llss/Learning/Projects/Hexlet/projects/lvl2/frontend-project-lvl2/src/index.js","all":false,"statementMap":{"0":{"start":{"line":1,"column":0},"end":{"line":1,"column":20}},"1":{"start":{"line":2,"column":0},"end":{"line":2,"column":24}},"2":{"start":{"line":3,"column":0},"end":{"line":3,"column":23}},"3":{"start":{"line":4,"column":0},"end":{"line":4,"column":40}},"4":{"start":{"line":5,"column":0},"end":{"line":5,"column":0}},"5":{"start":{"line":6,"column":0},"end":{"line":6,"column":36}},"6":{"start":{"line":7,"column":0},"end":{"line":7,"column":36}},"7":{"start":{"line":8,"column":0},"end":{"line":8,"column":55}},"8":{"start":{"line":9,"column":0},"end":{"line":9,"column":49}},"9":{"start":{"line":10,"column":0},"end":{"line":10,"column":22}},"10":{"start":{"line":11,"column":0},"end":{"line":11,"column":2}},"11":{"start":{"line":12,"column":0},"end":{"line":12,"column":0}},"12":{"start":{"line":13,"column":0},"end":{"line":13,"column":55}},"13":{"start":{"line":14,"column":0},"end":{"line":14,"column":66}},"14":{"start":{"line":15,"column":0},"end":{"line":15,"column":69}},"15":{"start":{"line":16,"column":0},"end":{"line":16,"column":82}},"16":{"start":{"line":17,"column":0},"end":{"line":17,"column":85}},"17":{"start":{"line":18,"column":0},"end":{"line":18,"column":70}},"18":{"start":{"line":19,"column":0},"end":{"line":19,"column":71}},"19":{"start":{"line":20,"column":0},"end":{"line":20,"column":77}},"20":{"start":{"line":21,"column":0},"end":{"line":21,"column":11}},"21":{"start":{"line":22,"column":0},"end":{"line":22,"column":48}},"22":{"start":{"line":23,"column":0},"end":{"line":23,"column":50}},"23":{"start":{"line":24,"column":0},"end":{"line":24,"column":84}},"24":{"start":{"line":25,"column":0},"end":{"line":25,"column":88}},"25":{"start":{"line":26,"column":0},"end":{"line":26,"column":79}},"26":{"start":{"line":27,"column":0},"end":{"line":27,"column":7}},"27":{"start":{"line":28,"column":0},"end":{"line":28,"column":85}},"28":{"start":{"line":29,"column":0},"end":{"line":29,"column":87}},"29":{"start":{"line":30,"column":0},"end":{"line":30,"column":80}},"30":{"start":{"line":31,"column":0},"end":{"line":31,"column":7}},"31":{"start":{"line":32,"column":0},"end":{"line":32,"column":84}},"32":{"start":{"line":33,"column":0},"end":{"line":33,"column":87}},"33":{"start":{"line":34,"column":0},"end":{"line":34,"column":93}},"34":{"start":{"line":35,"column":0},"end":{"line":35,"column":81}},"35":{"start":{"line":36,"column":0},"end":{"line":36,"column":91}},"36":{"start":{"line":37,"column":0},"end":{"line":37,"column":81}},"37":{"start":{"line":38,"column":0},"end":{"line":38,"column":82}},"38":{"start":{"line":39,"column":0},"end":{"line":39,"column":9}},"39":{"start":{"line":40,"column":0},"end":{"line":40,"column":7}},"40":{"start":{"line":41,"column":0},"end":{"line":41,"column":41}},"41":{"start":{"line":42,"column":0},"end":{"line":42,"column":22}},"42":{"start":{"line":43,"column":0},"end":{"line":43,"column":7}},"43":{"start":{"line":44,"column":0},"end":{"line":44,"column":17}},"44":{"start":{"line":45,"column":0},"end":{"line":45,"column":14}},"45":{"start":{"line":46,"column":0},"end":{"line":46,"column":34}},"46":{"start":{"line":47,"column":0},"end":{"line":47,"column":2}},"47":{"start":{"line":48,"column":0},"end":{"line":48,"column":0}},"48":{"start":{"line":49,"column":0},"end":{"line":49,"column":42}},"49":{"start":{"line":50,"column":0},"end":{"line":50,"column":43}},"50":{"start":{"line":51,"column":0},"end":{"line":51,"column":20}},"51":{"start":{"line":52,"column":0},"end":{"line":52,"column":3}},"52":{"start":{"line":53,"column":0},"end":{"line":53,"column":46}},"53":{"start":{"line":54,"column":0},"end":{"line":54,"column":17}},"54":{"start":{"line":55,"column":0},"end":{"line":55,"column":3}},"55":{"start":{"line":56,"column":0},"end":{"line":56,"column":21}},"56":{"start":{"line":57,"column":0},"end":{"line":57,"column":2}},"57":{"start":{"line":58,"column":0},"end":{"line":58,"column":56}},"58":{"start":{"line":59,"column":0},"end":{"line":59,"column":66}},"59":{"start":{"line":60,"column":0},"end":{"line":60,"column":69}},"60":{"start":{"line":61,"column":0},"end":{"line":61,"column":82}},"61":{"start":{"line":62,"column":0},"end":{"line":62,"column":85}},"62":{"start":{"line":63,"column":0},"end":{"line":63,"column":73}},"63":{"start":{"line":64,"column":0},"end":{"line":64,"column":65}},"64":{"start":{"line":65,"column":0},"end":{"line":65,"column":66}},"65":{"start":{"line":66,"column":0},"end":{"line":66,"column":69}},"66":{"start":{"line":67,"column":0},"end":{"line":67,"column":13}},"67":{"start":{"line":68,"column":0},"end":{"line":68,"column":36}},"68":{"start":{"line":69,"column":0},"end":{"line":69,"column":90}},"69":{"start":{"line":70,"column":0},"end":{"line":70,"column":92}},"70":{"start":{"line":71,"column":0},"end":{"line":71,"column":18}},"71":{"start":{"line":72,"column":0},"end":{"line":72,"column":32}},"72":{"start":{"line":73,"column":0},"end":{"line":73,"column":26}},"73":{"start":{"line":74,"column":0},"end":{"line":74,"column":24}},"74":{"start":{"line":75,"column":0},"end":{"line":75,"column":11}},"75":{"start":{"line":76,"column":0},"end":{"line":76,"column":114}},"76":{"start":{"line":77,"column":0},"end":{"line":77,"column":47}},"77":{"start":{"line":78,"column":0},"end":{"line":78,"column":69}},"78":{"start":{"line":79,"column":0},"end":{"line":79,"column":9}},"79":{"start":{"line":80,"column":0},"end":{"line":80,"column":114}},"80":{"start":{"line":81,"column":0},"end":{"line":81,"column":49}},"81":{"start":{"line":82,"column":0},"end":{"line":82,"column":68}},"82":{"start":{"line":83,"column":0},"end":{"line":83,"column":9}},"83":{"start":{"line":84,"column":0},"end":{"line":84,"column":108}},"84":{"start":{"line":85,"column":0},"end":{"line":85,"column":131}},"85":{"start":{"line":86,"column":0},"end":{"line":86,"column":178}},"86":{"start":{"line":87,"column":0},"end":{"line":87,"column":9}},"87":{"start":{"line":88,"column":0},"end":{"line":88,"column":102}},"88":{"start":{"line":89,"column":0},"end":{"line":89,"column":104}},"89":{"start":{"line":90,"column":0},"end":{"line":90,"column":49}},"90":{"start":{"line":91,"column":0},"end":{"line":91,"column":69}},"91":{"start":{"line":92,"column":0},"end":{"line":92,"column":44}},"92":{"start":{"line":93,"column":0},"end":{"line":93,"column":9}},"93":{"start":{"line":94,"column":0},"end":{"line":94,"column":52}},"94":{"start":{"line":95,"column":0},"end":{"line":95,"column":55}},"95":{"start":{"line":96,"column":0},"end":{"line":96,"column":77}},"96":{"start":{"line":97,"column":0},"end":{"line":97,"column":58}},"97":{"start":{"line":98,"column":0},"end":{"line":98,"column":9}},"98":{"start":{"line":99,"column":0},"end":{"line":99,"column":19}},"99":{"start":{"line":100,"column":0},"end":{"line":100,"column":13}},"100":{"start":{"line":101,"column":0},"end":{"line":101,"column":15}},"101":{"start":{"line":102,"column":0},"end":{"line":102,"column":4}},"102":{"start":{"line":103,"column":0},"end":{"line":103,"column":67}},"103":{"start":{"line":104,"column":0},"end":{"line":104,"column":2}},"104":{"start":{"line":105,"column":0},"end":{"line":105,"column":0}},"105":{"start":{"line":106,"column":0},"end":{"line":106,"column":39}},"106":{"start":{"line":107,"column":0},"end":{"line":107,"column":47}},"107":{"start":{"line":108,"column":0},"end":{"line":108,"column":56}},"108":{"start":{"line":109,"column":0},"end":{"line":109,"column":60}},"109":{"start":{"line":110,"column":0},"end":{"line":110,"column":25}},"110":{"start":{"line":111,"column":0},"end":{"line":111,"column":3}},"111":{"start":{"line":112,"column":0},"end":{"line":112,"column":134}},"112":{"start":{"line":113,"column":0},"end":{"line":113,"column":14}},"113":{"start":{"line":114,"column":0},"end":{"line":114,"column":13}},"114":{"start":{"line":115,"column":0},"end":{"line":115,"column":41}},"115":{"start":{"line":116,"column":0},"end":{"line":116,"column":2}},"116":{"start":{"line":117,"column":0},"end":{"line":117,"column":0}},"117":{"start":{"line":118,"column":0},"end":{"line":118,"column":33}},"118":{"start":{"line":119,"column":0},"end":{"line":119,"column":26}},"119":{"start":{"line":120,"column":0},"end":{"line":120,"column":46}},"120":{"start":{"line":121,"column":0},"end":{"line":121,"column":122}},"121":{"start":{"line":122,"column":0},"end":{"line":122,"column":40}},"122":{"start":{"line":123,"column":0},"end":{"line":123,"column":38}},"123":{"start":{"line":124,"column":0},"end":{"line":124,"column":99}},"124":{"start":{"line":125,"column":0},"end":{"line":125,"column":9}},"125":{"start":{"line":126,"column":0},"end":{"line":126,"column":40}},"126":{"start":{"line":127,"column":0},"end":{"line":127,"column":99}},"127":{"start":{"line":128,"column":0},"end":{"line":128,"column":9}},"128":{"start":{"line":129,"column":0},"end":{"line":129,"column":43}},"129":{"start":{"line":130,"column":0},"end":{"line":130,"column":99}},"130":{"start":{"line":131,"column":0},"end":{"line":131,"column":9}},"131":{"start":{"line":132,"column":0},"end":{"line":132,"column":40}},"132":{"start":{"line":133,"column":0},"end":{"line":133,"column":102}},"133":{"start":{"line":134,"column":0},"end":{"line":134,"column":102}},"134":{"start":{"line":135,"column":0},"end":{"line":135,"column":9}},"135":{"start":{"line":136,"column":0},"end":{"line":136,"column":7}},"136":{"start":{"line":137,"column":0},"end":{"line":137,"column":40}},"137":{"start":{"line":138,"column":0},"end":{"line":138,"column":57}},"138":{"start":{"line":139,"column":0},"end":{"line":139,"column":39}},"139":{"start":{"line":140,"column":0},"end":{"line":140,"column":38}},"140":{"start":{"line":141,"column":0},"end":{"line":141,"column":7}},"141":{"start":{"line":142,"column":0},"end":{"line":142,"column":25}},"142":{"start":{"line":143,"column":0},"end":{"line":143,"column":11}},"143":{"start":{"line":144,"column":0},"end":{"line":144,"column":17}},"144":{"start":{"line":145,"column":0},"end":{"line":145,"column":4}},"145":{"start":{"line":146,"column":0},"end":{"line":146,"column":30}},"146":{"start":{"line":147,"column":0},"end":{"line":147,"column":10}},"147":{"start":{"line":148,"column":0},"end":{"line":148,"column":10}},"148":{"start":{"line":149,"column":0},"end":{"line":149,"column":17}},"149":{"start":{"line":150,"column":0},"end":{"line":150,"column":8}},"150":{"start":{"line":151,"column":0},"end":{"line":151,"column":15}},"151":{"start":{"line":152,"column":0},"end":{"line":152,"column":2}}},"s":{"0":1,"1":1,"2":6,"3":6,"4":6,"5":6,"6":6,"7":1,"8":1,"9":2,"10":2,"11":2,"12":2,"13":2,"14":2,"15":2,"16":2,"17":2,"18":2,"19":2,"20":10,"21":10,"22":10,"23":10,"24":10,"25":10,"26":10,"27":10,"28":2,"29":10,"30":10,"31":10,"32":4,"33":4,"34":2,"35":2,"36":2,"37":10,"38":10,"39":10,"40":2,"41":1,"42":1,"43":1,"44":36,"45":36,"46":13,"47":13,"48":36,"49":36,"50":36,"51":16,"52":1,"53":1,"54":1,"55":1,"56":1,"57":1,"58":1,"59":1,"60":1,"61":1,"62":5,"63":5,"64":5,"65":5,"66":18,"67":18,"68":18,"69":18,"70":18,"71":18,"72":18,"73":5,"74":5,"75":18,"76":18,"77":18,"78":18,"79":18,"80":18,"81":18,"82":7,"83":18,"84":5,"85":18,"86":6,"87":18,"88":18,"89":2,"90":18,"91":18,"92":6,"93":18,"94":4,"95":18,"96":1,"97":1,"98":1,"99":1,"100":1,"101":1,"102":27,"103":27,"104":27,"105":27,"106":27,"107":27,"108":27,"109":9,"110":9,"111":1,"112":1,"113":1,"114":1,"115":5,"116":5,"117":5,"118":18,"119":18,"120":18,"121":5,"122":5,"123":14,"124":2,"125":2,"126":14,"127":3,"128":3,"129":14,"130":4,"131":4,"132":4,"133":18,"134":4,"135":4,"136":4,"137":18,"138":5,"139":1,"140":1,"141":1,"142":1,"143":1,"144":1,"145":1,"146":1,"147":1,"148":1,"149":1,"150":1,"151":1},"branchMap":{"0":{"type":"branch","line":1,"loc":{"start":{"line":1,"column":0},"end":{"line":146,"column":10}},"locations":[{"start":{"line":1,"column":0},"end":{"line":146,"column":10}}]},"1":{"type":"branch","line":3,"loc":{"start":{"line":3,"column":0},"end":{"line":8,"column":41}},"locations":[{"start":{"line":3,"column":0},"end":{"line":8,"column":41}}]},"2":{"type":"branch","line":9,"loc":{"start":{"line":9,"column":11},"end":{"line":42,"column":11}},"locations":[{"start":{"line":9,"column":11},"end":{"line":42,"column":11}}]},"3":{"type":"branch","line":20,"loc":{"start":{"line":20,"column":13},"end":{"line":41,"column":7}},"locations":[{"start":{"line":20,"column":13},"end":{"line":41,"column":7}}]},"4":{"type":"branch","line":24,"loc":{"start":{"line":24,"column":2},"end":{"line":24,"column":81}},"locations":[{"start":{"line":24,"column":2},"end":{"line":24,"column":81}}]},"5":{"type":"branch","line":24,"loc":{"start":{"line":24,"column":83},"end":{"line":25,"column":87}},"locations":[{"start":{"line":24,"column":83},"end":{"line":25,"column":87}}]},"6":{"type":"branch","line":28,"loc":{"start":{"line":28,"column":3},"end":{"line":28,"column":81}},"locations":[{"start":{"line":28,"column":3},"end":{"line":28,"column":81}}]},"7":{"type":"branch","line":28,"loc":{"start":{"line":28,"column":83},"end":{"line":29,"column":87}},"locations":[{"start":{"line":28,"column":83},"end":{"line":29,"column":87}}]},"8":{"type":"branch","line":32,"loc":{"start":{"line":32,"column":2},"end":{"line":32,"column":80}},"locations":[{"start":{"line":32,"column":2},"end":{"line":32,"column":80}}]},"9":{"type":"branch","line":32,"loc":{"start":{"line":32,"column":82},"end":{"line":38,"column":11}},"locations":[{"start":{"line":32,"column":82},"end":{"line":38,"column":11}}]},"10":{"type":"branch","line":34,"loc":{"start":{"line":34,"column":3},"end":{"line":38,"column":3}},"locations":[{"start":{"line":34,"column":3},"end":{"line":38,"column":3}}]},"11":{"type":"branch","line":38,"loc":{"start":{"line":38,"column":52},"end":{"line":39,"column":1}},"locations":[{"start":{"line":38,"column":52},"end":{"line":39,"column":1}}]},"12":{"type":"branch","line":44,"loc":{"start":{"line":44,"column":6},"end":{"line":53,"column":3}},"locations":[{"start":{"line":44,"column":6},"end":{"line":53,"column":3}}]},"13":{"type":"branch","line":47,"loc":{"start":{"line":47,"column":0},"end":{"line":49,"column":22}},"locations":[{"start":{"line":47,"column":0},"end":{"line":49,"column":22}}]},"14":{"type":"branch","line":49,"loc":{"start":{"line":49,"column":22},"end":{"line":50,"column":25}},"locations":[{"start":{"line":49,"column":22},"end":{"line":50,"column":25}}]},"15":{"type":"branch","line":50,"loc":{"start":{"line":50,"column":25},"end":{"line":51,"column":4}},"locations":[{"start":{"line":50,"column":25},"end":{"line":51,"column":4}}]},"16":{"type":"branch","line":51,"loc":{"start":{"line":51,"column":4},"end":{"line":53,"column":2}},"locations":[{"start":{"line":51,"column":4},"end":{"line":53,"column":2}}]},"17":{"type":"branch","line":53,"loc":{"start":{"line":53,"column":29},"end":{"line":101,"column":1}},"locations":[{"start":{"line":53,"column":29},"end":{"line":101,"column":1}}]},"18":{"type":"branch","line":62,"loc":{"start":{"line":62,"column":12},"end":{"line":97,"column":33}},"locations":[{"start":{"line":62,"column":12},"end":{"line":97,"column":33}}]},"19":{"type":"branch","line":66,"loc":{"start":{"line":66,"column":9},"end":{"line":97,"column":7}},"locations":[{"start":{"line":66,"column":9},"end":{"line":97,"column":7}}]},"20":{"type":"branch","line":73,"loc":{"start":{"line":73,"column":25},"end":{"line":76,"column":22}},"locations":[{"start":{"line":73,"column":25},"end":{"line":76,"column":22}}]},"21":{"type":"branch","line":76,"loc":{"start":{"line":76,"column":10},"end":{"line":76,"column":21}},"locations":[{"start":{"line":76,"column":10},"end":{"line":76,"column":21}}]},"22":{"type":"branch","line":76,"loc":{"start":{"line":76,"column":24},"end":{"line":77,"column":38}},"locations":[{"start":{"line":76,"column":24},"end":{"line":77,"column":38}}]},"23":{"type":"branch","line":78,"loc":{"start":{"line":78,"column":48},"end":{"line":78,"column":59}},"locations":[{"start":{"line":78,"column":48},"end":{"line":78,"column":59}}]},"24":{"type":"branch","line":80,"loc":{"start":{"line":80,"column":24},"end":{"line":81,"column":39}},"locations":[{"start":{"line":80,"column":24},"end":{"line":81,"column":39}}]},"25":{"type":"branch","line":82,"loc":{"start":{"line":82,"column":47},"end":{"line":84,"column":15}},"locations":[{"start":{"line":82,"column":47},"end":{"line":84,"column":15}}]},"26":{"type":"branch","line":84,"loc":{"start":{"line":84,"column":18},"end":{"line":86,"column":99}},"locations":[{"start":{"line":84,"column":18},"end":{"line":86,"column":99}}]},"27":{"type":"branch","line":85,"loc":{"start":{"line":85,"column":15},"end":{"line":85,"column":29}},"locations":[{"start":{"line":85,"column":15},"end":{"line":85,"column":29}}]},"28":{"type":"branch","line":85,"loc":{"start":{"line":85,"column":30},"end":{"line":85,"column":41}},"locations":[{"start":{"line":85,"column":30},"end":{"line":85,"column":41}}]},"29":{"type":"branch","line":85,"loc":{"start":{"line":85,"column":122},"end":{"line":86,"column":55}},"locations":[{"start":{"line":85,"column":122},"end":{"line":86,"column":55}}]},"30":{"type":"branch","line":86,"loc":{"start":{"line":86,"column":56},"end":{"line":86,"column":88}},"locations":[{"start":{"line":86,"column":56},"end":{"line":86,"column":88}}]},"31":{"type":"branch","line":86,"loc":{"start":{"line":86,"column":154},"end":{"line":88,"column":12}},"locations":[{"start":{"line":86,"column":154},"end":{"line":88,"column":12}}]},"32":{"type":"branch","line":88,"loc":{"start":{"line":88,"column":22},"end":{"line":89,"column":12}},"locations":[{"start":{"line":88,"column":22},"end":{"line":89,"column":12}}]},"33":{"type":"branch","line":88,"loc":{"start":{"line":88,"column":70},"end":{"line":89,"column":11}},"locations":[{"start":{"line":88,"column":70},"end":{"line":89,"column":11}}]},"34":{"type":"branch","line":89,"loc":{"start":{"line":89,"column":14},"end":{"line":91,"column":35}},"locations":[{"start":{"line":89,"column":14},"end":{"line":91,"column":35}}]},"35":{"type":"branch","line":92,"loc":{"start":{"line":92,"column":27},"end":{"line":94,"column":16}},"locations":[{"start":{"line":92,"column":27},"end":{"line":94,"column":16}}]},"36":{"type":"branch","line":94,"loc":{"start":{"line":94,"column":18},"end":{"line":96,"column":57}},"locations":[{"start":{"line":94,"column":18},"end":{"line":96,"column":57}}]},"37":{"type":"branch","line":103,"loc":{"start":{"line":103,"column":0},"end":{"line":112,"column":118}},"locations":[{"start":{"line":103,"column":0},"end":{"line":112,"column":118}}]},"38":{"type":"branch","line":108,"loc":{"start":{"line":108,"column":5},"end":{"line":108,"column":25}},"locations":[{"start":{"line":108,"column":5},"end":{"line":108,"column":25}}]},"39":{"type":"branch","line":108,"loc":{"start":{"line":108,"column":27},"end":{"line":109,"column":1}},"locations":[{"start":{"line":108,"column":27},"end":{"line":109,"column":1}}]},"40":{"type":"branch","line":109,"loc":{"start":{"line":109,"column":1},"end":{"line":112,"column":117}},"locations":[{"start":{"line":109,"column":1},"end":{"line":112,"column":117}}]},"41":{"type":"branch","line":109,"loc":{"start":{"line":109,"column":47},"end":{"line":112,"column":43}},"locations":[{"start":{"line":109,"column":47},"end":{"line":112,"column":43}}]},"42":{"type":"branch","line":113,"loc":{"start":{"line":113,"column":9},"end":{"line":146,"column":8}},"locations":[{"start":{"line":113,"column":9},"end":{"line":146,"column":8}}]},"43":{"type":"branch","line":115,"loc":{"start":{"line":115,"column":6},"end":{"line":140,"column":17}},"locations":[{"start":{"line":115,"column":6},"end":{"line":140,"column":17}}]},"44":{"type":"branch","line":118,"loc":{"start":{"line":118,"column":2},"end":{"line":139,"column":29}},"locations":[{"start":{"line":118,"column":2},"end":{"line":139,"column":29}}]},"45":{"type":"branch","line":120,"loc":{"start":{"line":120,"column":12},"end":{"line":120,"column":43}},"locations":[{"start":{"line":120,"column":12},"end":{"line":120,"column":43}}]},"46":{"type":"branch","line":120,"loc":{"start":{"line":120,"column":44},"end":{"line":121,"column":32}},"locations":[{"start":{"line":120,"column":44},"end":{"line":121,"column":32}}]},"47":{"type":"branch","line":121,"loc":{"start":{"line":121,"column":73},"end":{"line":134,"column":31}},"locations":[{"start":{"line":121,"column":73},"end":{"line":134,"column":31}}]},"48":{"type":"branch","line":121,"loc":{"start":{"line":121,"column":112},"end":{"line":124,"column":20}},"locations":[{"start":{"line":121,"column":112},"end":{"line":124,"column":20}}]},"49":{"type":"branch","line":124,"loc":{"start":{"line":124,"column":60},"end":{"line":127,"column":20}},"locations":[{"start":{"line":124,"column":60},"end":{"line":127,"column":20}}]},"50":{"type":"branch","line":127,"loc":{"start":{"line":127,"column":63},"end":{"line":130,"column":20}},"locations":[{"start":{"line":127,"column":63},"end":{"line":130,"column":20}}]},"51":{"type":"branch","line":130,"loc":{"start":{"line":130,"column":60},"end":{"line":134,"column":23}},"locations":[{"start":{"line":130,"column":60},"end":{"line":134,"column":23}}]},"52":{"type":"branch","line":134,"loc":{"start":{"line":134,"column":71},"end":{"line":138,"column":55}},"locations":[{"start":{"line":134,"column":71},"end":{"line":138,"column":55}}]}},"b":{"0":[1],"1":[6],"2":[2],"3":[10],"4":[8],"5":[4],"6":[2],"7":[2],"8":[8],"9":[4],"10":[2],"11":[2],"12":[36],"13":[13],"14":[23],"15":[7],"16":[16],"17":[1],"18":[5],"19":[18],"20":[5],"21":[2],"22":[5],"23":[11],"24":[2],"25":[7],"26":[5],"27":[3],"28":[2],"29":[2],"30":[3],"31":[6],"32":[17],"33":[7],"34":[2],"35":[6],"36":[4],"37":[27],"38":[8],"39":[20],"40":[7],"41":[9],"42":[1],"43":[5],"44":[18],"45":[4],"46":[14],"47":[14],"48":[5],"49":[2],"50":[3],"51":[4],"52":[4]},"fnMap":{"0":{"name":"getData","decl":{"start":{"line":3,"column":0},"end":{"line":8,"column":41}},"loc":{"start":{"line":3,"column":0},"end":{"line":8,"column":41}},"line":3},"1":{"name":"genDiff","decl":{"start":{"line":9,"column":11},"end":{"line":42,"column":11}},"loc":{"start":{"line":9,"column":11},"end":{"line":42,"column":11}},"line":9},"2":{"name":"getTypeOfValue","decl":{"start":{"line":44,"column":6},"end":{"line":53,"column":3}},"loc":{"start":{"line":44,"column":6},"end":{"line":53,"column":3}},"line":44},"3":{"name":"buildAst","decl":{"start":{"line":53,"column":29},"end":{"line":101,"column":1}},"loc":{"start":{"line":53,"column":29},"end":{"line":101,"column":1}},"line":53},"4":{"name":"iter","decl":{"start":{"line":62,"column":12},"end":{"line":97,"column":33}},"loc":{"start":{"line":62,"column":12},"end":{"line":97,"column":33}},"line":62},"5":{"name":"getValue","decl":{"start":{"line":103,"column":0},"end":{"line":112,"column":118}},"loc":{"start":{"line":103,"column":0},"end":{"line":112,"column":118}},"line":103},"6":{"name":"stylish","decl":{"start":{"line":113,"column":9},"end":{"line":146,"column":8}},"loc":{"start":{"line":113,"column":9},"end":{"line":146,"column":8}},"line":113},"7":{"name":"iter","decl":{"start":{"line":115,"column":6},"end":{"line":140,"column":17}},"loc":{"start":{"line":115,"column":6},"end":{"line":140,"column":17}},"line":115}},"f":{"0":6,"1":2,"2":36,"3":1,"4":5,"5":27,"6":1,"7":5}}
,"/home/llss/Learning/Projects/Hexlet/projects/lvl2/frontend-project-lvl2/src/parsers.js": {"path":"/home/llss/Learning/Projects/Hexlet/projects/lvl2/frontend-project-lvl2/src/parsers.js","all":false,"statementMap":{"0":{"start":{"line":1,"column":0},"end":{"line":1,"column":27}},"1":{"start":{"line":2,"column":0},"end":{"line":2,"column":0}},"2":{"start":{"line":3,"column":0},"end":{"line":3,"column":38}},"3":{"start":{"line":4,"column":0},"end":{"line":4,"column":25}},"4":{"start":{"line":5,"column":0},"end":{"line":5,"column":28}},"5":{"start":{"line":6,"column":0},"end":{"line":6,"column":3}},"6":{"start":{"line":7,"column":0},"end":{"line":7,"column":25}},"7":{"start":{"line":8,"column":0},"end":{"line":8,"column":31}},"8":{"start":{"line":9,"column":0},"end":{"line":9,"column":3}},"9":{"start":{"line":10,"column":0},"end":{"line":10,"column":15}},"10":{"start":{"line":11,"column":0},"end":{"line":11,"column":2}},"11":{"start":{"line":12,"column":0},"end":{"line":12,"column":0}},"12":{"start":{"line":13,"column":0},"end":{"line":13,"column":28}}},"s":{"0":6,"1":4,"2":6,"3":2,"4":1,"5":1,"6":1,"7":1,"8":1,"9":1,"10":1,"11":1,"12":1},"branchMap":{"0":{"type":"branch","line":1,"loc":{"start":{"line":1,"column":0},"end":{"line":7,"column":22}},"locations":[{"start":{"line":1,"column":0},"end":{"line":7,"column":22}}]},"1":{"type":"branch","line":1,"loc":{"start":{"line":1,"column":0},"end":{"line":5,"column":23}},"locations":[{"start":{"line":1,"column":0},"end":{"line":5,"column":23}}]},"2":{"type":"branch","line":1,"loc":{"start":{"line":1,"column":3},"end":{"line":3,"column":8}},"locations":[{"start":{"line":1,"column":3},"end":{"line":3,"column":8}}]},"3":{"type":"branch","line":3,"loc":{"start":{"line":3,"column":8},"end":{"line":5,"column":5}},"locations":[{"start":{"line":3,"column":8},"end":{"line":5,"column":5}}]},"4":{"type":"branch","line":5,"loc":{"start":{"line":5,"column":5},"end":{"line":5,"column":22}},"locations":[{"start":{"line":5,"column":5},"end":{"line":5,"column":22}}]}},"b":{"0":[1],"1":[6],"2":[4],"3":[2],"4":[0]},"fnMap":{"0":{"name":"getParseData","decl":{"start":{"line":1,"column":0},"end":{"line":5,"column":23}},"loc":{"start":{"line":1,"column":0},"end":{"line":5,"column":23}},"line":1}},"f":{"0":6}}
}
