TN:
SF:src/index.js
FN:3,getData
FN:9,genDiff
FN:44,getTypeOfValue
FN:53,buildAst
FN:62,iter
FN:103,getValue
FN:113,stylish
FN:115,iter
FNF:8
FNH:8
FNDA:6,getData
FNDA:2,genDiff
FNDA:36,getTypeOfValue
FNDA:1,buildAst
FNDA:5,iter
FNDA:27,getValue
FNDA:1,stylish
FNDA:5,iter
DA:1,1
DA:2,1
DA:3,6
DA:4,6
DA:5,6
DA:6,6
DA:7,6
DA:8,1
DA:9,1
DA:10,2
DA:11,2
DA:12,2
DA:13,2
DA:14,2
DA:15,2
DA:16,2
DA:17,2
DA:18,2
DA:19,2
DA:20,2
DA:21,10
DA:22,10
DA:23,10
DA:24,10
DA:25,10
DA:26,10
DA:27,10
DA:28,10
DA:29,2
DA:30,10
DA:31,10
DA:32,10
DA:33,4
DA:34,4
DA:35,2
DA:36,2
DA:37,2
DA:38,10
DA:39,10
DA:40,10
DA:41,2
DA:42,1
DA:43,1
DA:44,1
DA:45,36
DA:46,36
DA:47,13
DA:48,13
DA:49,36
DA:50,36
DA:51,36
DA:52,16
DA:53,1
DA:54,1
DA:55,1
DA:56,1
DA:57,1
DA:58,1
DA:59,1
DA:60,1
DA:61,1
DA:62,1
DA:63,5
DA:64,5
DA:65,5
DA:66,5
DA:67,18
DA:68,18
DA:69,18
DA:70,18
DA:71,18
DA:72,18
DA:73,18
DA:74,5
DA:75,5
DA:76,18
DA:77,18
DA:78,18
DA:79,18
DA:80,18
DA:81,18
DA:82,18
DA:83,7
DA:84,18
DA:85,5
DA:86,18
DA:87,6
DA:88,18
DA:89,18
DA:90,2
DA:91,18
DA:92,18
DA:93,6
DA:94,18
DA:95,4
DA:96,18
DA:97,1
DA:98,1
DA:99,1
DA:100,1
DA:101,1
DA:102,1
DA:103,27
DA:104,27
DA:105,27
DA:106,27
DA:107,27
DA:108,27
DA:109,27
DA:110,9
DA:111,9
DA:112,1
DA:113,1
DA:114,1
DA:115,1
DA:116,5
DA:117,5
DA:118,5
DA:119,18
DA:120,18
DA:121,18
DA:122,5
DA:123,5
DA:124,14
DA:125,2
DA:126,2
DA:127,14
DA:128,3
DA:129,3
DA:130,14
DA:131,4
DA:132,4
DA:133,4
DA:134,18
DA:135,4
DA:136,4
DA:137,4
DA:138,18
DA:139,5
DA:140,1
DA:141,1
DA:142,1
DA:143,1
DA:144,1
DA:145,1
DA:146,1
DA:147,1
DA:148,1
DA:149,1
DA:150,1
DA:151,1
DA:152,1
LF:152
LH:152
BRDA:1,0,0,1
BRDA:3,1,0,6
BRDA:9,2,0,2
BRDA:20,3,0,10
BRDA:24,4,0,8
BRDA:24,5,0,4
BRDA:28,6,0,2
BRDA:28,7,0,2
BRDA:32,8,0,8
BRDA:32,9,0,4
BRDA:34,10,0,2
BRDA:38,11,0,2
BRDA:44,12,0,36
BRDA:47,13,0,13
BRDA:49,14,0,23
BRDA:50,15,0,7
BRDA:51,16,0,16
BRDA:53,17,0,1
BRDA:62,18,0,5
BRDA:66,19,0,18
BRDA:73,20,0,5
BRDA:76,21,0,2
BRDA:76,22,0,5
BRDA:78,23,0,11
BRDA:80,24,0,2
BRDA:82,25,0,7
BRDA:84,26,0,5
BRDA:85,27,0,3
BRDA:85,28,0,2
BRDA:85,29,0,2
BRDA:86,30,0,3
BRDA:86,31,0,6
BRDA:88,32,0,17
BRDA:88,33,0,7
BRDA:89,34,0,2
BRDA:92,35,0,6
BRDA:94,36,0,4
BRDA:103,37,0,27
BRDA:108,38,0,8
BRDA:108,39,0,20
BRDA:109,40,0,7
BRDA:109,41,0,9
BRDA:113,42,0,1
BRDA:115,43,0,5
BRDA:118,44,0,18
BRDA:120,45,0,4
BRDA:120,46,0,14
BRDA:121,47,0,14
BRDA:121,48,0,5
BRDA:124,49,0,2
BRDA:127,50,0,3
BRDA:130,51,0,4
BRDA:134,52,0,4
BRF:53
BRH:53
end_of_record
TN:
SF:src/parsers.js
FN:1,getParseData
FNF:1
FNH:1
FNDA:6,getParseData
DA:1,6
DA:2,4
DA:3,6
DA:4,2
DA:5,1
DA:6,1
DA:7,1
DA:8,1
DA:9,1
DA:10,1
DA:11,1
DA:12,1
DA:13,1
LF:13
LH:13
BRDA:1,0,0,1
BRDA:1,1,0,6
BRDA:1,2,0,4
BRDA:3,3,0,2
BRDA:5,4,0,0
BRF:5
BRH:4
end_of_record
